{"C:\\Users\\Usuario\\Documents\\programacion\\shipment-service\\src\\application\\dto\\ShipmentDto.ts": {"path":"C:\\Users\\Usuario\\Documents\\programacion\\shipment-service\\src\\application\\dto\\ShipmentDto.ts","statementMap":{"0":{"start":{"line":26,"column":4},"end":{"line":26,"column":38}},"1":{"start":{"line":27,"column":4},"end":{"line":27,"column":38}},"2":{"start":{"line":28,"column":4},"end":{"line":28,"column":30}},"3":{"start":{"line":29,"column":4},"end":{"line":29,"column":38}},"4":{"start":{"line":30,"column":4},"end":{"line":30,"column":42}},"5":{"start":{"line":31,"column":4},"end":{"line":31,"column":30}},"6":{"start":{"line":32,"column":4},"end":{"line":32,"column":40}},"7":{"start":{"line":33,"column":4},"end":{"line":33,"column":40}},"8":{"start":{"line":6,"column":0},"end":{"line":6,"column":13}}},"fnMap":{"0":{"name":"(anonymous_0)","decl":{"start":{"line":16,"column":2},"end":{"line":16,"column":14}},"loc":{"start":{"line":25,"column":3},"end":{"line":34,"column":3}}}},"branchMap":{},"s":{"0":6,"1":6,"2":6,"3":6,"4":6,"5":6,"6":6,"7":6,"8":4},"f":{"0":6},"b":{}}
,"C:\\Users\\Usuario\\Documents\\programacion\\shipment-service\\src\\application\\dto\\UpdateShipmentDto.ts": {"path":"C:\\Users\\Usuario\\Documents\\programacion\\shipment-service\\src\\application\\dto\\UpdateShipmentDto.ts","statementMap":{"0":{"start":{"line":10,"column":6},"end":{"line":10,"column":71}},"1":{"start":{"line":10,"column":28},"end":{"line":10,"column":71}},"2":{"start":{"line":11,"column":6},"end":{"line":11,"column":79}},"3":{"start":{"line":11,"column":32},"end":{"line":11,"column":79}},"4":{"start":{"line":13,"column":6},"end":{"line":13,"column":40}},"5":{"start":{"line":14,"column":6},"end":{"line":14,"column":48}},"6":{"start":{"line":5,"column":0},"end":{"line":5,"column":13}}},"fnMap":{"0":{"name":"(anonymous_0)","decl":{"start":{"line":9,"column":4},"end":{"line":9,"column":16}},"loc":{"start":{"line":9,"column":69},"end":{"line":15,"column":5}}}},"branchMap":{"0":{"loc":{"start":{"line":10,"column":6},"end":{"line":10,"column":71}},"type":"if","locations":[{"start":{"line":10,"column":6},"end":{"line":10,"column":71}}]},"1":{"loc":{"start":{"line":11,"column":6},"end":{"line":11,"column":79}},"type":"if","locations":[{"start":{"line":11,"column":6},"end":{"line":11,"column":79}}]}},"s":{"0":2,"1":0,"2":2,"3":0,"4":2,"5":2,"6":1},"f":{"0":2},"b":{"0":[0],"1":[0]}}
,"C:\\Users\\Usuario\\Documents\\programacion\\shipment-service\\src\\application\\mappers\\ShipmentMapper.ts": {"path":"C:\\Users\\Usuario\\Documents\\programacion\\shipment-service\\src\\application\\mappers\\ShipmentMapper.ts","statementMap":{"0":{"start":{"line":2,"column":0},"end":{"line":2,"column":49}},"1":{"start":{"line":10,"column":4},"end":{"line":12,"column":null}},"2":{"start":{"line":11,"column":6},"end":{"line":11,"column":47}},"3":{"start":{"line":14,"column":4},"end":{"line":27,"column":7}},"4":{"start":{"line":7,"column":0},"end":{"line":7,"column":13}}},"fnMap":{"0":{"name":"(anonymous_0)","decl":{"start":{"line":8,"column":9},"end":{"line":8,"column":15}},"loc":{"start":{"line":8,"column":40},"end":{"line":28,"column":3}}}},"branchMap":{"0":{"loc":{"start":{"line":10,"column":4},"end":{"line":12,"column":null}},"type":"if","locations":[{"start":{"line":10,"column":4},"end":{"line":12,"column":null}}]}},"s":{"0":4,"1":5,"2":0,"3":5,"4":4},"f":{"0":5},"b":{"0":[0]}}
,"C:\\Users\\Usuario\\Documents\\programacion\\shipment-service\\src\\application\\services\\CreateShipmentService.ts": {"path":"C:\\Users\\Usuario\\Documents\\programacion\\shipment-service\\src\\application\\services\\CreateShipmentService.ts","statementMap":{"0":{"start":{"line":6,"column":0},"end":{"line":6,"column":66}},"1":{"start":{"line":7,"column":0},"end":{"line":7,"column":59}},"2":{"start":{"line":23,"column":4},"end":{"line":23,"column":55}},"3":{"start":{"line":24,"column":4},"end":{"line":24,"column":49}},"4":{"start":{"line":25,"column":4},"end":{"line":25,"column":41}},"5":{"start":{"line":35,"column":4},"end":{"line":37,"column":null}},"6":{"start":{"line":36,"column":6},"end":{"line":36,"column":49}},"7":{"start":{"line":39,"column":23},"end":{"line":42,"column":null}},"8":{"start":{"line":46,"column":21},"end":{"line":54,"column":null}},"9":{"start":{"line":58,"column":4},"end":{"line":58,"column":49}},"10":{"start":{"line":61,"column":28},"end":{"line":61,"column":58}},"11":{"start":{"line":64,"column":18},"end":{"line":67,"column":6}},"12":{"start":{"line":68,"column":4},"end":{"line":68,"column":64}},"13":{"start":{"line":70,"column":4},"end":{"line":70,"column":27}},"14":{"start":{"line":13,"column":0},"end":{"line":13,"column":13}}},"fnMap":{"0":{"name":"(anonymous_0)","decl":{"start":{"line":18,"column":2},"end":{"line":18,"column":null}},"loc":{"start":{"line":21,"column":34},"end":{"line":26,"column":3}}},"1":{"name":"(anonymous_1)","decl":{"start":{"line":33,"column":9},"end":{"line":33,"column":14}},"loc":{"start":{"line":33,"column":45},"end":{"line":71,"column":3}}}},"branchMap":{"0":{"loc":{"start":{"line":35,"column":4},"end":{"line":37,"column":null}},"type":"if","locations":[{"start":{"line":35,"column":4},"end":{"line":37,"column":null}}]}},"s":{"0":1,"1":1,"2":2,"3":2,"4":2,"5":2,"6":1,"7":1,"8":1,"9":1,"10":1,"11":1,"12":1,"13":1,"14":1},"f":{"0":2,"1":2},"b":{"0":[1]}}
,"C:\\Users\\Usuario\\Documents\\programacion\\shipment-service\\src\\application\\services\\QueryShipmentService.ts": {"path":"C:\\Users\\Usuario\\Documents\\programacion\\shipment-service\\src\\application\\services\\QueryShipmentService.ts","statementMap":{"0":{"start":{"line":6,"column":0},"end":{"line":6,"column":59}},"1":{"start":{"line":15,"column":4},"end":{"line":15,"column":49}},"2":{"start":{"line":19,"column":21},"end":{"line":19,"column":71}},"3":{"start":{"line":20,"column":4},"end":{"line":22,"column":null}},"4":{"start":{"line":21,"column":6},"end":{"line":21,"column":45}},"5":{"start":{"line":23,"column":4},"end":{"line":23,"column":42}},"6":{"start":{"line":11,"column":0},"end":{"line":11,"column":13}}},"fnMap":{"0":{"name":"(anonymous_0)","decl":{"start":{"line":14,"column":2},"end":{"line":14,"column":14}},"loc":{"start":{"line":14,"column":53},"end":{"line":16,"column":3}}},"1":{"name":"(anonymous_1)","decl":{"start":{"line":18,"column":9},"end":{"line":18,"column":14}},"loc":{"start":{"line":18,"column":41},"end":{"line":24,"column":3}}}},"branchMap":{"0":{"loc":{"start":{"line":20,"column":4},"end":{"line":22,"column":null}},"type":"if","locations":[{"start":{"line":20,"column":4},"end":{"line":22,"column":null}}]}},"s":{"0":1,"1":2,"2":2,"3":2,"4":1,"5":1,"6":1},"f":{"0":2,"1":2},"b":{"0":[1]}}
,"C:\\Users\\Usuario\\Documents\\programacion\\shipment-service\\src\\application\\services\\UpdateShipmentService.ts": {"path":"C:\\Users\\Usuario\\Documents\\programacion\\shipment-service\\src\\application\\services\\UpdateShipmentService.ts","statementMap":{"0":{"start":{"line":6,"column":0},"end":{"line":6,"column":59}},"1":{"start":{"line":22,"column":4},"end":{"line":22,"column":49}},"2":{"start":{"line":23,"column":4},"end":{"line":23,"column":55}},"3":{"start":{"line":24,"column":4},"end":{"line":24,"column":41}},"4":{"start":{"line":34,"column":21},"end":{"line":34,"column":75}},"5":{"start":{"line":35,"column":4},"end":{"line":37,"column":null}},"6":{"start":{"line":36,"column":6},"end":{"line":36,"column":45}},"7":{"start":{"line":40,"column":28},"end":{"line":42,"column":null}},"8":{"start":{"line":46,"column":4},"end":{"line":46,"column":58}},"9":{"start":{"line":49,"column":28},"end":{"line":49,"column":65}},"10":{"start":{"line":52,"column":18},"end":{"line":55,"column":6}},"11":{"start":{"line":56,"column":4},"end":{"line":56,"column":64}},"12":{"start":{"line":58,"column":4},"end":{"line":58,"column":27}},"13":{"start":{"line":12,"column":0},"end":{"line":12,"column":13}}},"fnMap":{"0":{"name":"(anonymous_0)","decl":{"start":{"line":17,"column":2},"end":{"line":17,"column":null}},"loc":{"start":{"line":20,"column":34},"end":{"line":25,"column":3}}},"1":{"name":"(anonymous_1)","decl":{"start":{"line":32,"column":9},"end":{"line":32,"column":14}},"loc":{"start":{"line":32,"column":45},"end":{"line":59,"column":3}}}},"branchMap":{"0":{"loc":{"start":{"line":35,"column":4},"end":{"line":37,"column":null}},"type":"if","locations":[{"start":{"line":35,"column":4},"end":{"line":37,"column":null}}]}},"s":{"0":1,"1":2,"2":2,"3":2,"4":2,"5":2,"6":1,"7":1,"8":1,"9":1,"10":1,"11":1,"12":1,"13":1},"f":{"0":2,"1":2},"b":{"0":[1]}}
,"C:\\Users\\Usuario\\Documents\\programacion\\shipment-service\\src\\domain\\entity\\Shipment.ts": {"path":"C:\\Users\\Usuario\\Documents\\programacion\\shipment-service\\src\\domain\\entity\\Shipment.ts","statementMap":{"0":{"start":{"line":2,"column":0},"end":{"line":2,"column":56}},"1":{"start":{"line":10,"column":6},"end":{"line":10,"column":49}},"2":{"start":{"line":13,"column":6},"end":{"line":13,"column":49}},"3":{"start":{"line":47,"column":4},"end":{"line":49,"column":null}},"4":{"start":{"line":48,"column":6},"end":{"line":48,"column":68}},"5":{"start":{"line":50,"column":4},"end":{"line":52,"column":null}},"6":{"start":{"line":51,"column":6},"end":{"line":51,"column":68}},"7":{"start":{"line":53,"column":4},"end":{"line":55,"column":null}},"8":{"start":{"line":54,"column":6},"end":{"line":54,"column":58}},"9":{"start":{"line":56,"column":4},"end":{"line":58,"column":null}},"10":{"start":{"line":57,"column":6},"end":{"line":57,"column":70}},"11":{"start":{"line":59,"column":4},"end":{"line":61,"column":null}},"12":{"start":{"line":60,"column":6},"end":{"line":60,"column":63}},"13":{"start":{"line":62,"column":4},"end":{"line":64,"column":null}},"14":{"start":{"line":63,"column":6},"end":{"line":63,"column":68}},"15":{"start":{"line":65,"column":4},"end":{"line":67,"column":null}},"16":{"start":{"line":66,"column":6},"end":{"line":66,"column":60}},"17":{"start":{"line":69,"column":4},"end":{"line":69,"column":33}},"18":{"start":{"line":70,"column":4},"end":{"line":70,"column":33}},"19":{"start":{"line":71,"column":4},"end":{"line":71,"column":25}},"20":{"start":{"line":72,"column":4},"end":{"line":72,"column":33}},"21":{"start":{"line":73,"column":4},"end":{"line":73,"column":37}},"22":{"start":{"line":74,"column":4},"end":{"line":74,"column":25}},"23":{"start":{"line":75,"column":4},"end":{"line":75,"column":35}},"24":{"start":{"line":76,"column":4},"end":{"line":76,"column":35}},"25":{"start":{"line":81,"column":4},"end":{"line":81,"column":298}},"26":{"start":{"line":8,"column":0},"end":{"line":8,"column":13}}},"fnMap":{"0":{"name":"(anonymous_0)","decl":{"start":{"line":9,"column":2},"end":{"line":9,"column":20}},"loc":{"start":{"line":9,"column":33},"end":{"line":11,"column":3}}},"1":{"name":"(anonymous_1)","decl":{"start":{"line":12,"column":2},"end":{"line":12,"column":14}},"loc":{"start":{"line":12,"column":27},"end":{"line":14,"column":3}}},"2":{"name":"(anonymous_2)","decl":{"start":{"line":37,"column":2},"end":{"line":37,"column":null}},"loc":{"start":{"line":45,"column":21},"end":{"line":77,"column":3}}},"3":{"name":"(anonymous_3)","decl":{"start":{"line":80,"column":9},"end":{"line":80,"column":17}},"loc":{"start":{"line":80,"column":17},"end":{"line":82,"column":3}}}},"branchMap":{"0":{"loc":{"start":{"line":47,"column":4},"end":{"line":49,"column":null}},"type":"if","locations":[{"start":{"line":47,"column":4},"end":{"line":49,"column":null}}]},"1":{"loc":{"start":{"line":50,"column":4},"end":{"line":52,"column":null}},"type":"if","locations":[{"start":{"line":50,"column":4},"end":{"line":52,"column":null}}]},"2":{"loc":{"start":{"line":53,"column":4},"end":{"line":55,"column":null}},"type":"if","locations":[{"start":{"line":53,"column":4},"end":{"line":55,"column":null}}]},"3":{"loc":{"start":{"line":56,"column":4},"end":{"line":58,"column":null}},"type":"if","locations":[{"start":{"line":56,"column":4},"end":{"line":58,"column":null}}]},"4":{"loc":{"start":{"line":59,"column":4},"end":{"line":61,"column":null}},"type":"if","locations":[{"start":{"line":59,"column":4},"end":{"line":61,"column":null}}]},"5":{"loc":{"start":{"line":62,"column":4},"end":{"line":64,"column":null}},"type":"if","locations":[{"start":{"line":62,"column":4},"end":{"line":64,"column":null}}]},"6":{"loc":{"start":{"line":65,"column":4},"end":{"line":67,"column":null}},"type":"if","locations":[{"start":{"line":65,"column":4},"end":{"line":67,"column":null}}]}},"s":{"0":4,"1":0,"2":0,"3":11,"4":0,"5":11,"6":0,"7":11,"8":0,"9":11,"10":0,"11":11,"12":0,"13":11,"14":0,"15":11,"16":0,"17":11,"18":11,"19":11,"20":11,"21":11,"22":11,"23":11,"24":11,"25":0,"26":4},"f":{"0":0,"1":0,"2":11,"3":0},"b":{"0":[0],"1":[0],"2":[0],"3":[0],"4":[0],"5":[0],"6":[0]}}
,"C:\\Users\\Usuario\\Documents\\programacion\\shipment-service\\src\\domain\\exceptions\\DomainError.ts": {"path":"C:\\Users\\Usuario\\Documents\\programacion\\shipment-service\\src\\domain\\exceptions\\DomainError.ts","statementMap":{"0":{"start":{"line":6,"column":4},"end":{"line":6,"column":19}},"1":{"start":{"line":7,"column":4},"end":{"line":7,"column":30}},"2":{"start":{"line":8,"column":4},"end":{"line":8,"column":54}},"3":{"start":{"line":4,"column":0},"end":{"line":4,"column":13}}},"fnMap":{"0":{"name":"(anonymous_0)","decl":{"start":{"line":5,"column":2},"end":{"line":5,"column":14}},"loc":{"start":{"line":5,"column":29},"end":{"line":9,"column":3}}}},"branchMap":{},"s":{"0":10,"1":10,"2":10,"3":7},"f":{"0":10},"b":{}}
,"C:\\Users\\Usuario\\Documents\\programacion\\shipment-service\\src\\domain\\services\\ShipmentServiceDomain.ts": {"path":"C:\\Users\\Usuario\\Documents\\programacion\\shipment-service\\src\\domain\\services\\ShipmentServiceDomain.ts","statementMap":{"0":{"start":{"line":1,"column":0},"end":{"line":1,"column":46}},"1":{"start":{"line":2,"column":0},"end":{"line":2,"column":56}},"2":{"start":{"line":3,"column":0},"end":{"line":3,"column":56}},"3":{"start":{"line":33,"column":4},"end":{"line":35,"column":null}},"4":{"start":{"line":34,"column":6},"end":{"line":34,"column":98}},"5":{"start":{"line":37,"column":4},"end":{"line":39,"column":null}},"6":{"start":{"line":38,"column":6},"end":{"line":38,"column":53}},"7":{"start":{"line":41,"column":4},"end":{"line":43,"column":null}},"8":{"start":{"line":42,"column":6},"end":{"line":42,"column":65}},"9":{"start":{"line":45,"column":4},"end":{"line":47,"column":null}},"10":{"start":{"line":46,"column":6},"end":{"line":46,"column":51}},"11":{"start":{"line":49,"column":4},"end":{"line":51,"column":null}},"12":{"start":{"line":50,"column":6},"end":{"line":50,"column":53}},"13":{"start":{"line":53,"column":4},"end":{"line":62,"column":6}},"14":{"start":{"line":79,"column":4},"end":{"line":81,"column":null}},"15":{"start":{"line":80,"column":6},"end":{"line":80,"column":56}},"16":{"start":{"line":83,"column":4},"end":{"line":85,"column":null}},"17":{"start":{"line":84,"column":6},"end":{"line":84,"column":72}},"18":{"start":{"line":87,"column":4},"end":{"line":96,"column":6}},"19":{"start":{"line":9,"column":0},"end":{"line":9,"column":13}}},"fnMap":{"0":{"name":"(anonymous_0)","decl":{"start":{"line":22,"column":9},"end":{"line":22,"column":23}},"loc":{"start":{"line":30,"column":21},"end":{"line":63,"column":3}}},"1":{"name":"(anonymous_1)","decl":{"start":{"line":74,"column":9},"end":{"line":74,"column":34}},"loc":{"start":{"line":76,"column":26},"end":{"line":97,"column":3}}}},"branchMap":{"0":{"loc":{"start":{"line":33,"column":4},"end":{"line":35,"column":null}},"type":"if","locations":[{"start":{"line":33,"column":4},"end":{"line":35,"column":null}}]},"1":{"loc":{"start":{"line":33,"column":8},"end":{"line":33,"column":61}},"type":"binary-expr","locations":[{"start":{"line":33,"column":8},"end":{"line":33,"column":19}},{"start":{"line":33,"column":23},"end":{"line":33,"column":34}},{"start":{"line":33,"column":38},"end":{"line":33,"column":45}},{"start":{"line":33,"column":49},"end":{"line":33,"column":61}}]},"2":{"loc":{"start":{"line":37,"column":4},"end":{"line":39,"column":null}},"type":"if","locations":[{"start":{"line":37,"column":4},"end":{"line":39,"column":null}}]},"3":{"loc":{"start":{"line":37,"column":8},"end":{"line":37,"column":70}},"type":"binary-expr","locations":[{"start":{"line":37,"column":8},"end":{"line":37,"column":38}},{"start":{"line":37,"column":42},"end":{"line":37,"column":70}}]},"4":{"loc":{"start":{"line":41,"column":4},"end":{"line":43,"column":null}},"type":"if","locations":[{"start":{"line":41,"column":4},"end":{"line":43,"column":null}}]},"5":{"loc":{"start":{"line":45,"column":4},"end":{"line":47,"column":null}},"type":"if","locations":[{"start":{"line":45,"column":4},"end":{"line":47,"column":null}}]},"6":{"loc":{"start":{"line":49,"column":4},"end":{"line":51,"column":null}},"type":"if","locations":[{"start":{"line":49,"column":4},"end":{"line":51,"column":null}}]},"7":{"loc":{"start":{"line":49,"column":8},"end":{"line":49,"column":70}},"type":"binary-expr","locations":[{"start":{"line":49,"column":8},"end":{"line":49,"column":38}},{"start":{"line":49,"column":42},"end":{"line":49,"column":70}}]},"8":{"loc":{"start":{"line":79,"column":4},"end":{"line":81,"column":null}},"type":"if","locations":[{"start":{"line":79,"column":4},"end":{"line":81,"column":null}}]},"9":{"loc":{"start":{"line":83,"column":4},"end":{"line":85,"column":null}},"type":"if","locations":[{"start":{"line":83,"column":4},"end":{"line":85,"column":null}}]}},"s":{"0":3,"1":3,"2":3,"3":6,"4":1,"5":5,"6":0,"7":5,"8":1,"9":4,"10":0,"11":4,"12":0,"13":4,"14":5,"15":1,"16":4,"17":2,"18":2,"19":3},"f":{"0":6,"1":5},"b":{"0":[1],"1":[6,5,5,5],"2":[0],"3":[5,5],"4":[1],"5":[0],"6":[0],"7":[4,4],"8":[1],"9":[2]}}
,"C:\\Users\\Usuario\\Documents\\programacion\\shipment-service\\src\\domain\\valueObjects\\Dimensions.ts": {"path":"C:\\Users\\Usuario\\Documents\\programacion\\shipment-service\\src\\domain\\valueObjects\\Dimensions.ts","statementMap":{"0":{"start":{"line":1,"column":0},"end":{"line":1,"column":56}},"1":{"start":{"line":20,"column":6},"end":{"line":22,"column":null}},"2":{"start":{"line":21,"column":8},"end":{"line":21,"column":73}},"3":{"start":{"line":24,"column":6},"end":{"line":24,"column":27}},"4":{"start":{"line":25,"column":6},"end":{"line":25,"column":25}},"5":{"start":{"line":26,"column":6},"end":{"line":26,"column":27}},"6":{"start":{"line":35,"column":6},"end":{"line":39,"column":8}},"7":{"start":{"line":43,"column":6},"end":{"line":43,"column":99}},"8":{"start":{"line":47,"column":6},"end":{"line":47,"column":52}},"9":{"start":{"line":6,"column":0},"end":{"line":6,"column":13}}},"fnMap":{"0":{"name":"(anonymous_0)","decl":{"start":{"line":19,"column":4},"end":{"line":19,"column":16}},"loc":{"start":{"line":19,"column":61},"end":{"line":27,"column":5}}},"1":{"name":"(anonymous_1)","decl":{"start":{"line":34,"column":11},"end":{"line":34,"column":17}},"loc":{"start":{"line":34,"column":35},"end":{"line":40,"column":5}}},"2":{"name":"(anonymous_2)","decl":{"start":{"line":42,"column":11},"end":{"line":42,"column":19}},"loc":{"start":{"line":42,"column":19},"end":{"line":44,"column":5}}},"3":{"name":"(anonymous_3)","decl":{"start":{"line":46,"column":4},"end":{"line":46,"column":13}},"loc":{"start":{"line":46,"column":13},"end":{"line":48,"column":5}}}},"branchMap":{"0":{"loc":{"start":{"line":20,"column":6},"end":{"line":22,"column":null}},"type":"if","locations":[{"start":{"line":20,"column":6},"end":{"line":22,"column":null}}]},"1":{"loc":{"start":{"line":20,"column":10},"end":{"line":20,"column":50}},"type":"binary-expr","locations":[{"start":{"line":20,"column":10},"end":{"line":20,"column":21}},{"start":{"line":20,"column":25},"end":{"line":20,"column":35}},{"start":{"line":20,"column":39},"end":{"line":20,"column":50}}]},"2":{"loc":{"start":{"line":36,"column":8},"end":{"line":38,"column":36}},"type":"binary-expr","locations":[{"start":{"line":36,"column":8},"end":{"line":36,"column":36}},{"start":{"line":37,"column":8},"end":{"line":37,"column":34}},{"start":{"line":38,"column":8},"end":{"line":38,"column":36}}]}},"s":{"0":7,"1":22,"2":5,"3":17,"4":17,"5":17,"6":0,"7":0,"8":2,"9":7},"f":{"0":22,"1":0,"2":0,"3":2},"b":{"0":[5],"1":[22,19,18],"2":[0,0,0]}}
}
