{"C:\\Users\\Usuario\\Documents\\programacion\\shipment-service\\src\\application\\dto\\CreateShipmentDto.ts": {"path":"C:\\Users\\Usuario\\Documents\\programacion\\shipment-service\\src\\application\\dto\\CreateShipmentDto.ts","statementMap":{"0":{"start":{"line":26,"column":4},"end":{"line":26,"column":69}},"1":{"start":{"line":26,"column":26},"end":{"line":26,"column":69}},"2":{"start":{"line":27,"column":4},"end":{"line":27,"column":69}},"3":{"start":{"line":27,"column":26},"end":{"line":27,"column":69}},"4":{"start":{"line":28,"column":4},"end":{"line":28,"column":98}},"5":{"start":{"line":28,"column":59},"end":{"line":28,"column":98}},"6":{"start":{"line":29,"column":4},"end":{"line":29,"column":70}},"7":{"start":{"line":29,"column":26},"end":{"line":29,"column":70}},"8":{"start":{"line":30,"column":4},"end":{"line":30,"column":73}},"9":{"start":{"line":30,"column":28},"end":{"line":30,"column":73}},"10":{"start":{"line":31,"column":4},"end":{"line":31,"column":61}},"11":{"start":{"line":31,"column":22},"end":{"line":31,"column":61}},"12":{"start":{"line":32,"column":4},"end":{"line":32,"column":71}},"13":{"start":{"line":32,"column":27},"end":{"line":32,"column":71}},"14":{"start":{"line":33,"column":4},"end":{"line":33,"column":71}},"15":{"start":{"line":33,"column":27},"end":{"line":33,"column":71}},"16":{"start":{"line":35,"column":4},"end":{"line":35,"column":38}},"17":{"start":{"line":36,"column":4},"end":{"line":36,"column":38}},"18":{"start":{"line":37,"column":4},"end":{"line":37,"column":30}},"19":{"start":{"line":38,"column":4},"end":{"line":38,"column":38}},"20":{"start":{"line":39,"column":4},"end":{"line":39,"column":42}},"21":{"start":{"line":40,"column":4},"end":{"line":40,"column":30}},"22":{"start":{"line":41,"column":4},"end":{"line":41,"column":40}},"23":{"start":{"line":42,"column":4},"end":{"line":42,"column":40}},"24":{"start":{"line":6,"column":0},"end":{"line":6,"column":13}}},"fnMap":{"0":{"name":"(anonymous_0)","decl":{"start":{"line":16,"column":2},"end":{"line":16,"column":14}},"loc":{"start":{"line":25,"column":3},"end":{"line":43,"column":3}}}},"branchMap":{"0":{"loc":{"start":{"line":26,"column":4},"end":{"line":26,"column":69}},"type":"if","locations":[{"start":{"line":26,"column":4},"end":{"line":26,"column":69}}]},"1":{"loc":{"start":{"line":27,"column":4},"end":{"line":27,"column":69}},"type":"if","locations":[{"start":{"line":27,"column":4},"end":{"line":27,"column":69}}]},"2":{"loc":{"start":{"line":28,"column":4},"end":{"line":28,"column":98}},"type":"if","locations":[{"start":{"line":28,"column":4},"end":{"line":28,"column":98}}]},"3":{"loc":{"start":{"line":28,"column":8},"end":{"line":28,"column":57}},"type":"binary-expr","locations":[{"start":{"line":28,"column":8},"end":{"line":28,"column":33}},{"start":{"line":28,"column":37},"end":{"line":28,"column":57}}]},"4":{"loc":{"start":{"line":29,"column":4},"end":{"line":29,"column":70}},"type":"if","locations":[{"start":{"line":29,"column":4},"end":{"line":29,"column":70}}]},"5":{"loc":{"start":{"line":30,"column":4},"end":{"line":30,"column":73}},"type":"if","locations":[{"start":{"line":30,"column":4},"end":{"line":30,"column":73}}]},"6":{"loc":{"start":{"line":31,"column":4},"end":{"line":31,"column":61}},"type":"if","locations":[{"start":{"line":31,"column":4},"end":{"line":31,"column":61}}]},"7":{"loc":{"start":{"line":32,"column":4},"end":{"line":32,"column":71}},"type":"if","locations":[{"start":{"line":32,"column":4},"end":{"line":32,"column":71}}]},"8":{"loc":{"start":{"line":33,"column":4},"end":{"line":33,"column":71}},"type":"if","locations":[{"start":{"line":33,"column":4},"end":{"line":33,"column":71}}]}},"s":{"0":1,"1":0,"2":1,"3":0,"4":1,"5":0,"6":1,"7":0,"8":1,"9":0,"10":1,"11":0,"12":1,"13":0,"14":1,"15":0,"16":1,"17":1,"18":1,"19":1,"20":1,"21":1,"22":1,"23":1,"24":1},"f":{"0":1},"b":{"0":[0],"1":[0],"2":[0],"3":[1,1],"4":[0],"5":[0],"6":[0],"7":[0],"8":[0]}}
,"C:\\Users\\Usuario\\Documents\\programacion\\shipment-service\\src\\application\\dto\\ShipmentDto.ts": {"path":"C:\\Users\\Usuario\\Documents\\programacion\\shipment-service\\src\\application\\dto\\ShipmentDto.ts","statementMap":{"0":{"start":{"line":26,"column":4},"end":{"line":26,"column":38}},"1":{"start":{"line":27,"column":4},"end":{"line":27,"column":38}},"2":{"start":{"line":28,"column":4},"end":{"line":28,"column":30}},"3":{"start":{"line":29,"column":4},"end":{"line":29,"column":38}},"4":{"start":{"line":30,"column":4},"end":{"line":30,"column":42}},"5":{"start":{"line":31,"column":4},"end":{"line":31,"column":30}},"6":{"start":{"line":32,"column":4},"end":{"line":32,"column":40}},"7":{"start":{"line":33,"column":4},"end":{"line":33,"column":40}},"8":{"start":{"line":6,"column":0},"end":{"line":6,"column":13}}},"fnMap":{"0":{"name":"(anonymous_0)","decl":{"start":{"line":16,"column":2},"end":{"line":16,"column":14}},"loc":{"start":{"line":25,"column":3},"end":{"line":34,"column":3}}}},"branchMap":{},"s":{"0":12,"1":12,"2":12,"3":12,"4":12,"5":12,"6":12,"7":12,"8":7},"f":{"0":12},"b":{}}
,"C:\\Users\\Usuario\\Documents\\programacion\\shipment-service\\src\\application\\dto\\UpdateShipmentDto.ts": {"path":"C:\\Users\\Usuario\\Documents\\programacion\\shipment-service\\src\\application\\dto\\UpdateShipmentDto.ts","statementMap":{"0":{"start":{"line":10,"column":6},"end":{"line":10,"column":71}},"1":{"start":{"line":10,"column":28},"end":{"line":10,"column":71}},"2":{"start":{"line":11,"column":6},"end":{"line":11,"column":79}},"3":{"start":{"line":11,"column":32},"end":{"line":11,"column":79}},"4":{"start":{"line":13,"column":6},"end":{"line":13,"column":40}},"5":{"start":{"line":14,"column":6},"end":{"line":14,"column":48}},"6":{"start":{"line":5,"column":0},"end":{"line":5,"column":13}}},"fnMap":{"0":{"name":"(anonymous_0)","decl":{"start":{"line":9,"column":4},"end":{"line":9,"column":16}},"loc":{"start":{"line":9,"column":69},"end":{"line":15,"column":5}}}},"branchMap":{"0":{"loc":{"start":{"line":10,"column":6},"end":{"line":10,"column":71}},"type":"if","locations":[{"start":{"line":10,"column":6},"end":{"line":10,"column":71}}]},"1":{"loc":{"start":{"line":11,"column":6},"end":{"line":11,"column":79}},"type":"if","locations":[{"start":{"line":11,"column":6},"end":{"line":11,"column":79}}]}},"s":{"0":3,"1":0,"2":3,"3":0,"4":3,"5":3,"6":2},"f":{"0":3},"b":{"0":[0],"1":[0]}}
,"C:\\Users\\Usuario\\Documents\\programacion\\shipment-service\\src\\application\\mappers\\ShipmentMapper.ts": {"path":"C:\\Users\\Usuario\\Documents\\programacion\\shipment-service\\src\\application\\mappers\\ShipmentMapper.ts","statementMap":{"0":{"start":{"line":2,"column":0},"end":{"line":2,"column":49}},"1":{"start":{"line":10,"column":4},"end":{"line":12,"column":5}},"2":{"start":{"line":11,"column":6},"end":{"line":11,"column":47}},"3":{"start":{"line":14,"column":4},"end":{"line":27,"column":7}},"4":{"start":{"line":7,"column":0},"end":{"line":7,"column":13}}},"fnMap":{"0":{"name":"(anonymous_0)","decl":{"start":{"line":8,"column":9},"end":{"line":8,"column":15}},"loc":{"start":{"line":8,"column":40},"end":{"line":28,"column":3}}}},"branchMap":{"0":{"loc":{"start":{"line":10,"column":4},"end":{"line":12,"column":5}},"type":"if","locations":[{"start":{"line":10,"column":4},"end":{"line":12,"column":5}}]}},"s":{"0":7,"1":8,"2":0,"3":8,"4":7},"f":{"0":8},"b":{"0":[0]}}
,"C:\\Users\\Usuario\\Documents\\programacion\\shipment-service\\src\\application\\services\\CreateShipmentService.ts": {"path":"C:\\Users\\Usuario\\Documents\\programacion\\shipment-service\\src\\application\\services\\CreateShipmentService.ts","statementMap":{"0":{"start":{"line":6,"column":0},"end":{"line":6,"column":66}},"1":{"start":{"line":7,"column":0},"end":{"line":7,"column":59}},"2":{"start":{"line":23,"column":4},"end":{"line":23,"column":55}},"3":{"start":{"line":24,"column":4},"end":{"line":24,"column":49}},"4":{"start":{"line":25,"column":4},"end":{"line":25,"column":41}},"5":{"start":{"line":35,"column":4},"end":{"line":37,"column":5}},"6":{"start":{"line":36,"column":6},"end":{"line":36,"column":49}},"7":{"start":{"line":39,"column":23},"end":{"line":42,"column":null}},"8":{"start":{"line":46,"column":21},"end":{"line":54,"column":null}},"9":{"start":{"line":58,"column":4},"end":{"line":58,"column":49}},"10":{"start":{"line":61,"column":28},"end":{"line":61,"column":58}},"11":{"start":{"line":64,"column":18},"end":{"line":67,"column":6}},"12":{"start":{"line":68,"column":4},"end":{"line":68,"column":64}},"13":{"start":{"line":70,"column":4},"end":{"line":70,"column":27}},"14":{"start":{"line":13,"column":0},"end":{"line":13,"column":13}}},"fnMap":{"0":{"name":"(anonymous_0)","decl":{"start":{"line":18,"column":2},"end":{"line":18,"column":null}},"loc":{"start":{"line":21,"column":34},"end":{"line":26,"column":3}}},"1":{"name":"(anonymous_1)","decl":{"start":{"line":33,"column":9},"end":{"line":33,"column":14}},"loc":{"start":{"line":33,"column":45},"end":{"line":71,"column":3}}}},"branchMap":{"0":{"loc":{"start":{"line":35,"column":4},"end":{"line":37,"column":5}},"type":"if","locations":[{"start":{"line":35,"column":4},"end":{"line":37,"column":5}}]}},"s":{"0":2,"1":2,"2":3,"3":3,"4":3,"5":3,"6":1,"7":2,"8":2,"9":2,"10":2,"11":2,"12":2,"13":2,"14":2},"f":{"0":3,"1":3},"b":{"0":[1]}}
,"C:\\Users\\Usuario\\Documents\\programacion\\shipment-service\\src\\application\\services\\QueryShipmentService.ts": {"path":"C:\\Users\\Usuario\\Documents\\programacion\\shipment-service\\src\\application\\services\\QueryShipmentService.ts","statementMap":{"0":{"start":{"line":4,"column":0},"end":{"line":4,"column":59}},"1":{"start":{"line":13,"column":4},"end":{"line":13,"column":49}},"2":{"start":{"line":17,"column":21},"end":{"line":17,"column":71}},"3":{"start":{"line":18,"column":4},"end":{"line":20,"column":5}},"4":{"start":{"line":19,"column":6},"end":{"line":19,"column":45}},"5":{"start":{"line":21,"column":4},"end":{"line":21,"column":42}},"6":{"start":{"line":9,"column":0},"end":{"line":9,"column":13}}},"fnMap":{"0":{"name":"(anonymous_0)","decl":{"start":{"line":12,"column":2},"end":{"line":12,"column":14}},"loc":{"start":{"line":12,"column":53},"end":{"line":14,"column":3}}},"1":{"name":"(anonymous_1)","decl":{"start":{"line":16,"column":9},"end":{"line":16,"column":14}},"loc":{"start":{"line":16,"column":41},"end":{"line":22,"column":3}}}},"branchMap":{"0":{"loc":{"start":{"line":18,"column":4},"end":{"line":20,"column":5}},"type":"if","locations":[{"start":{"line":18,"column":4},"end":{"line":20,"column":5}}]}},"s":{"0":2,"1":4,"2":4,"3":4,"4":2,"5":2,"6":2},"f":{"0":4,"1":4},"b":{"0":[2]}}
,"C:\\Users\\Usuario\\Documents\\programacion\\shipment-service\\src\\application\\services\\UpdateShipmentService.ts": {"path":"C:\\Users\\Usuario\\Documents\\programacion\\shipment-service\\src\\application\\services\\UpdateShipmentService.ts","statementMap":{"0":{"start":{"line":6,"column":0},"end":{"line":6,"column":59}},"1":{"start":{"line":22,"column":4},"end":{"line":22,"column":49}},"2":{"start":{"line":23,"column":4},"end":{"line":23,"column":55}},"3":{"start":{"line":24,"column":4},"end":{"line":24,"column":41}},"4":{"start":{"line":34,"column":21},"end":{"line":34,"column":75}},"5":{"start":{"line":35,"column":4},"end":{"line":37,"column":5}},"6":{"start":{"line":36,"column":6},"end":{"line":36,"column":45}},"7":{"start":{"line":40,"column":28},"end":{"line":42,"column":null}},"8":{"start":{"line":46,"column":4},"end":{"line":46,"column":58}},"9":{"start":{"line":49,"column":28},"end":{"line":49,"column":65}},"10":{"start":{"line":52,"column":18},"end":{"line":55,"column":6}},"11":{"start":{"line":56,"column":4},"end":{"line":56,"column":64}},"12":{"start":{"line":58,"column":4},"end":{"line":58,"column":27}},"13":{"start":{"line":12,"column":0},"end":{"line":12,"column":13}}},"fnMap":{"0":{"name":"(anonymous_0)","decl":{"start":{"line":17,"column":2},"end":{"line":17,"column":null}},"loc":{"start":{"line":20,"column":34},"end":{"line":25,"column":3}}},"1":{"name":"(anonymous_1)","decl":{"start":{"line":32,"column":9},"end":{"line":32,"column":14}},"loc":{"start":{"line":32,"column":45},"end":{"line":59,"column":3}}}},"branchMap":{"0":{"loc":{"start":{"line":35,"column":4},"end":{"line":37,"column":5}},"type":"if","locations":[{"start":{"line":35,"column":4},"end":{"line":37,"column":5}}]}},"s":{"0":2,"1":3,"2":3,"3":3,"4":3,"5":3,"6":1,"7":2,"8":2,"9":2,"10":2,"11":2,"12":2,"13":2},"f":{"0":3,"1":3},"b":{"0":[1]}}
,"C:\\Users\\Usuario\\Documents\\programacion\\shipment-service\\src\\domain\\entity\\Shipment.ts": {"path":"C:\\Users\\Usuario\\Documents\\programacion\\shipment-service\\src\\domain\\entity\\Shipment.ts","statementMap":{"0":{"start":{"line":2,"column":0},"end":{"line":2,"column":56}},"1":{"start":{"line":10,"column":6},"end":{"line":10,"column":49}},"2":{"start":{"line":13,"column":6},"end":{"line":13,"column":49}},"3":{"start":{"line":47,"column":4},"end":{"line":49,"column":5}},"4":{"start":{"line":48,"column":6},"end":{"line":48,"column":68}},"5":{"start":{"line":50,"column":4},"end":{"line":52,"column":5}},"6":{"start":{"line":51,"column":6},"end":{"line":51,"column":68}},"7":{"start":{"line":53,"column":4},"end":{"line":55,"column":5}},"8":{"start":{"line":54,"column":6},"end":{"line":54,"column":58}},"9":{"start":{"line":56,"column":4},"end":{"line":58,"column":5}},"10":{"start":{"line":57,"column":6},"end":{"line":57,"column":70}},"11":{"start":{"line":59,"column":4},"end":{"line":61,"column":5}},"12":{"start":{"line":60,"column":6},"end":{"line":60,"column":63}},"13":{"start":{"line":62,"column":4},"end":{"line":64,"column":5}},"14":{"start":{"line":63,"column":6},"end":{"line":63,"column":68}},"15":{"start":{"line":65,"column":4},"end":{"line":67,"column":5}},"16":{"start":{"line":66,"column":6},"end":{"line":66,"column":60}},"17":{"start":{"line":69,"column":4},"end":{"line":69,"column":33}},"18":{"start":{"line":70,"column":4},"end":{"line":70,"column":33}},"19":{"start":{"line":71,"column":4},"end":{"line":71,"column":25}},"20":{"start":{"line":72,"column":4},"end":{"line":72,"column":33}},"21":{"start":{"line":73,"column":4},"end":{"line":73,"column":37}},"22":{"start":{"line":74,"column":4},"end":{"line":74,"column":25}},"23":{"start":{"line":75,"column":4},"end":{"line":75,"column":35}},"24":{"start":{"line":76,"column":4},"end":{"line":76,"column":35}},"25":{"start":{"line":81,"column":4},"end":{"line":81,"column":298}},"26":{"start":{"line":8,"column":0},"end":{"line":8,"column":13}}},"fnMap":{"0":{"name":"(anonymous_0)","decl":{"start":{"line":9,"column":2},"end":{"line":9,"column":20}},"loc":{"start":{"line":9,"column":33},"end":{"line":11,"column":3}}},"1":{"name":"(anonymous_1)","decl":{"start":{"line":12,"column":2},"end":{"line":12,"column":14}},"loc":{"start":{"line":12,"column":27},"end":{"line":14,"column":3}}},"2":{"name":"(anonymous_2)","decl":{"start":{"line":37,"column":2},"end":{"line":37,"column":null}},"loc":{"start":{"line":45,"column":21},"end":{"line":77,"column":3}}},"3":{"name":"(anonymous_3)","decl":{"start":{"line":80,"column":9},"end":{"line":80,"column":17}},"loc":{"start":{"line":80,"column":17},"end":{"line":82,"column":3}}}},"branchMap":{"0":{"loc":{"start":{"line":47,"column":4},"end":{"line":49,"column":5}},"type":"if","locations":[{"start":{"line":47,"column":4},"end":{"line":49,"column":5}}]},"1":{"loc":{"start":{"line":50,"column":4},"end":{"line":52,"column":5}},"type":"if","locations":[{"start":{"line":50,"column":4},"end":{"line":52,"column":5}}]},"2":{"loc":{"start":{"line":53,"column":4},"end":{"line":55,"column":5}},"type":"if","locations":[{"start":{"line":53,"column":4},"end":{"line":55,"column":5}}]},"3":{"loc":{"start":{"line":56,"column":4},"end":{"line":58,"column":5}},"type":"if","locations":[{"start":{"line":56,"column":4},"end":{"line":58,"column":5}}]},"4":{"loc":{"start":{"line":59,"column":4},"end":{"line":61,"column":5}},"type":"if","locations":[{"start":{"line":59,"column":4},"end":{"line":61,"column":5}}]},"5":{"loc":{"start":{"line":62,"column":4},"end":{"line":64,"column":5}},"type":"if","locations":[{"start":{"line":62,"column":4},"end":{"line":64,"column":5}}]},"6":{"loc":{"start":{"line":65,"column":4},"end":{"line":67,"column":5}},"type":"if","locations":[{"start":{"line":65,"column":4},"end":{"line":67,"column":5}}]}},"s":{"0":8,"1":0,"2":0,"3":18,"4":0,"5":18,"6":0,"7":18,"8":0,"9":18,"10":0,"11":18,"12":0,"13":18,"14":0,"15":18,"16":0,"17":18,"18":18,"19":18,"20":18,"21":18,"22":18,"23":18,"24":18,"25":0,"26":8},"f":{"0":0,"1":0,"2":18,"3":0},"b":{"0":[0],"1":[0],"2":[0],"3":[0],"4":[0],"5":[0],"6":[0]}}
,"C:\\Users\\Usuario\\Documents\\programacion\\shipment-service\\src\\domain\\exceptions\\DomainError.ts": {"path":"C:\\Users\\Usuario\\Documents\\programacion\\shipment-service\\src\\domain\\exceptions\\DomainError.ts","statementMap":{"0":{"start":{"line":6,"column":4},"end":{"line":6,"column":19}},"1":{"start":{"line":7,"column":4},"end":{"line":7,"column":30}},"2":{"start":{"line":8,"column":4},"end":{"line":8,"column":54}},"3":{"start":{"line":4,"column":0},"end":{"line":4,"column":13}}},"fnMap":{"0":{"name":"(anonymous_0)","decl":{"start":{"line":5,"column":2},"end":{"line":5,"column":14}},"loc":{"start":{"line":5,"column":29},"end":{"line":9,"column":3}}}},"branchMap":{},"s":{"0":10,"1":10,"2":10,"3":11},"f":{"0":10},"b":{}}
,"C:\\Users\\Usuario\\Documents\\programacion\\shipment-service\\src\\domain\\services\\ShipmentServiceDomain.ts": {"path":"C:\\Users\\Usuario\\Documents\\programacion\\shipment-service\\src\\domain\\services\\ShipmentServiceDomain.ts","statementMap":{"0":{"start":{"line":1,"column":0},"end":{"line":1,"column":46}},"1":{"start":{"line":2,"column":0},"end":{"line":2,"column":56}},"2":{"start":{"line":3,"column":0},"end":{"line":3,"column":56}},"3":{"start":{"line":33,"column":4},"end":{"line":35,"column":5}},"4":{"start":{"line":34,"column":6},"end":{"line":34,"column":98}},"5":{"start":{"line":37,"column":4},"end":{"line":39,"column":5}},"6":{"start":{"line":38,"column":6},"end":{"line":38,"column":53}},"7":{"start":{"line":41,"column":4},"end":{"line":43,"column":5}},"8":{"start":{"line":42,"column":6},"end":{"line":42,"column":65}},"9":{"start":{"line":45,"column":4},"end":{"line":47,"column":5}},"10":{"start":{"line":46,"column":6},"end":{"line":46,"column":51}},"11":{"start":{"line":49,"column":4},"end":{"line":51,"column":5}},"12":{"start":{"line":50,"column":6},"end":{"line":50,"column":53}},"13":{"start":{"line":53,"column":4},"end":{"line":62,"column":6}},"14":{"start":{"line":79,"column":4},"end":{"line":81,"column":5}},"15":{"start":{"line":80,"column":6},"end":{"line":80,"column":56}},"16":{"start":{"line":83,"column":4},"end":{"line":85,"column":5}},"17":{"start":{"line":84,"column":6},"end":{"line":84,"column":72}},"18":{"start":{"line":87,"column":4},"end":{"line":96,"column":6}},"19":{"start":{"line":9,"column":0},"end":{"line":9,"column":13}}},"fnMap":{"0":{"name":"(anonymous_0)","decl":{"start":{"line":22,"column":9},"end":{"line":22,"column":23}},"loc":{"start":{"line":30,"column":21},"end":{"line":63,"column":3}}},"1":{"name":"(anonymous_1)","decl":{"start":{"line":74,"column":9},"end":{"line":74,"column":34}},"loc":{"start":{"line":76,"column":26},"end":{"line":97,"column":3}}}},"branchMap":{"0":{"loc":{"start":{"line":33,"column":4},"end":{"line":35,"column":5}},"type":"if","locations":[{"start":{"line":33,"column":4},"end":{"line":35,"column":5}}]},"1":{"loc":{"start":{"line":33,"column":8},"end":{"line":33,"column":61}},"type":"binary-expr","locations":[{"start":{"line":33,"column":8},"end":{"line":33,"column":19}},{"start":{"line":33,"column":23},"end":{"line":33,"column":34}},{"start":{"line":33,"column":38},"end":{"line":33,"column":45}},{"start":{"line":33,"column":49},"end":{"line":33,"column":61}}]},"2":{"loc":{"start":{"line":37,"column":4},"end":{"line":39,"column":5}},"type":"if","locations":[{"start":{"line":37,"column":4},"end":{"line":39,"column":5}}]},"3":{"loc":{"start":{"line":37,"column":8},"end":{"line":37,"column":70}},"type":"binary-expr","locations":[{"start":{"line":37,"column":8},"end":{"line":37,"column":38}},{"start":{"line":37,"column":42},"end":{"line":37,"column":70}}]},"4":{"loc":{"start":{"line":41,"column":4},"end":{"line":43,"column":5}},"type":"if","locations":[{"start":{"line":41,"column":4},"end":{"line":43,"column":5}}]},"5":{"loc":{"start":{"line":45,"column":4},"end":{"line":47,"column":5}},"type":"if","locations":[{"start":{"line":45,"column":4},"end":{"line":47,"column":5}}]},"6":{"loc":{"start":{"line":49,"column":4},"end":{"line":51,"column":5}},"type":"if","locations":[{"start":{"line":49,"column":4},"end":{"line":51,"column":5}}]},"7":{"loc":{"start":{"line":49,"column":8},"end":{"line":49,"column":70}},"type":"binary-expr","locations":[{"start":{"line":49,"column":8},"end":{"line":49,"column":38}},{"start":{"line":49,"column":42},"end":{"line":49,"column":70}}]},"8":{"loc":{"start":{"line":79,"column":4},"end":{"line":81,"column":5}},"type":"if","locations":[{"start":{"line":79,"column":4},"end":{"line":81,"column":5}}]},"9":{"loc":{"start":{"line":83,"column":4},"end":{"line":85,"column":5}},"type":"if","locations":[{"start":{"line":83,"column":4},"end":{"line":85,"column":5}}]}},"s":{"0":5,"1":5,"2":5,"3":6,"4":1,"5":5,"6":0,"7":5,"8":1,"9":4,"10":0,"11":4,"12":0,"13":4,"14":5,"15":1,"16":4,"17":2,"18":2,"19":5},"f":{"0":6,"1":5},"b":{"0":[1],"1":[6,5,5,5],"2":[0],"3":[5,5],"4":[1],"5":[0],"6":[0],"7":[4,4],"8":[1],"9":[2]}}
,"C:\\Users\\Usuario\\Documents\\programacion\\shipment-service\\src\\domain\\valueObjects\\Dimensions.ts": {"path":"C:\\Users\\Usuario\\Documents\\programacion\\shipment-service\\src\\domain\\valueObjects\\Dimensions.ts","statementMap":{"0":{"start":{"line":1,"column":0},"end":{"line":1,"column":56}},"1":{"start":{"line":20,"column":6},"end":{"line":22,"column":7}},"2":{"start":{"line":21,"column":8},"end":{"line":21,"column":73}},"3":{"start":{"line":24,"column":6},"end":{"line":24,"column":27}},"4":{"start":{"line":25,"column":6},"end":{"line":25,"column":25}},"5":{"start":{"line":26,"column":6},"end":{"line":26,"column":27}},"6":{"start":{"line":35,"column":6},"end":{"line":39,"column":8}},"7":{"start":{"line":43,"column":6},"end":{"line":43,"column":99}},"8":{"start":{"line":47,"column":6},"end":{"line":47,"column":52}},"9":{"start":{"line":6,"column":0},"end":{"line":6,"column":13}}},"fnMap":{"0":{"name":"(anonymous_0)","decl":{"start":{"line":19,"column":4},"end":{"line":19,"column":16}},"loc":{"start":{"line":19,"column":61},"end":{"line":27,"column":5}}},"1":{"name":"(anonymous_1)","decl":{"start":{"line":34,"column":11},"end":{"line":34,"column":17}},"loc":{"start":{"line":34,"column":35},"end":{"line":40,"column":5}}},"2":{"name":"(anonymous_2)","decl":{"start":{"line":42,"column":11},"end":{"line":42,"column":19}},"loc":{"start":{"line":42,"column":19},"end":{"line":44,"column":5}}},"3":{"name":"(anonymous_3)","decl":{"start":{"line":46,"column":4},"end":{"line":46,"column":13}},"loc":{"start":{"line":46,"column":13},"end":{"line":48,"column":5}}}},"branchMap":{"0":{"loc":{"start":{"line":20,"column":6},"end":{"line":22,"column":7}},"type":"if","locations":[{"start":{"line":20,"column":6},"end":{"line":22,"column":7}}]},"1":{"loc":{"start":{"line":20,"column":10},"end":{"line":20,"column":50}},"type":"binary-expr","locations":[{"start":{"line":20,"column":10},"end":{"line":20,"column":21}},{"start":{"line":20,"column":25},"end":{"line":20,"column":35}},{"start":{"line":20,"column":39},"end":{"line":20,"column":50}}]},"2":{"loc":{"start":{"line":36,"column":8},"end":{"line":38,"column":36}},"type":"binary-expr","locations":[{"start":{"line":36,"column":8},"end":{"line":36,"column":36}},{"start":{"line":37,"column":8},"end":{"line":37,"column":34}},{"start":{"line":38,"column":8},"end":{"line":38,"column":36}}]}},"s":{"0":11,"1":29,"2":5,"3":24,"4":24,"5":24,"6":0,"7":0,"8":2,"9":11},"f":{"0":29,"1":0,"2":0,"3":2},"b":{"0":[5],"1":[29,26,25],"2":[0,0,0]}}
,"C:\\Users\\Usuario\\Documents\\programacion\\shipment-service\\src\\infrastructure\\controller\\ShipmentController.ts": {"path":"C:\\Users\\Usuario\\Documents\\programacion\\shipment-service\\src\\infrastructure\\controller\\ShipmentController.ts","statementMap":{"0":{"start":{"line":12,"column":0},"end":{"line":12,"column":16}},"1":{"start":{"line":1,"column":0},"end":{"line":1,"column":52}},"2":{"start":{"line":17,"column":17},"end":{"line":17,"column":25}},"3":{"start":{"line":19,"column":2},"end":{"line":21,"column":5}},"4":{"start":{"line":20,"column":4},"end":{"line":20,"column":56}},"5":{"start":{"line":23,"column":2},"end":{"line":32,"column":5}},"6":{"start":{"line":24,"column":4},"end":{"line":31,"column":5}},"7":{"start":{"line":25,"column":18},"end":{"line":25,"column":26}},"8":{"start":{"line":26,"column":21},"end":{"line":26,"column":53}},"9":{"start":{"line":27,"column":6},"end":{"line":27,"column":35}},"10":{"start":{"line":29,"column":26},"end":{"line":29,"column":112}},"11":{"start":{"line":30,"column":6},"end":{"line":30,"column":53}},"12":{"start":{"line":34,"column":2},"end":{"line":43,"column":5}},"13":{"start":{"line":35,"column":4},"end":{"line":42,"column":5}},"14":{"start":{"line":36,"column":25},"end":{"line":36,"column":46}},"15":{"start":{"line":37,"column":21},"end":{"line":37,"column":59}},"16":{"start":{"line":38,"column":6},"end":{"line":38,"column":23}},"17":{"start":{"line":40,"column":26},"end":{"line":40,"column":112}},"18":{"start":{"line":41,"column":6},"end":{"line":41,"column":53}},"19":{"start":{"line":45,"column":2},"end":{"line":54,"column":5}},"20":{"start":{"line":46,"column":4},"end":{"line":53,"column":5}},"21":{"start":{"line":47,"column":18},"end":{"line":47,"column":26}},"22":{"start":{"line":48,"column":21},"end":{"line":48,"column":53}},"23":{"start":{"line":49,"column":6},"end":{"line":49,"column":23}},"24":{"start":{"line":51,"column":26},"end":{"line":51,"column":112}},"25":{"start":{"line":52,"column":6},"end":{"line":52,"column":53}},"26":{"start":{"line":56,"column":2},"end":{"line":56,"column":16}},"27":{"start":{"line":64,"column":85},"end":{"line":64,"column":39939}},"28":{"start":{"line":64,"column":89},"end":{"line":64,"column":39928}},"29":{"start":{"line":64,"column":40054},"end":{"line":64,"column":40060}},"30":{"start":{"line":64,"column":40175},"end":{"line":64,"column":40181}},"31":{"start":{"line":64,"column":40296},"end":{"line":64,"column":40302}},"32":{"start":{"line":64,"column":40421},"end":{"line":64,"column":40427}},"33":{"start":{"line":64,"column":40571},"end":{"line":64,"column":40577}}},"fnMap":{"0":{"name":"createShipmentController","decl":{"start":{"line":12,"column":16},"end":{"line":12,"column":40}},"loc":{"start":{"line":15,"column":38},"end":{"line":57,"column":1}}},"1":{"name":"(anonymous_1)","decl":{"start":{"line":19,"column":17},"end":{"line":19,"column":18}},"loc":{"start":{"line":19,"column":49},"end":{"line":21,"column":3}}},"2":{"name":"(anonymous_2)","decl":{"start":{"line":23,"column":28},"end":{"line":23,"column":33}},"loc":{"start":{"line":23,"column":66},"end":{"line":32,"column":3}}},"3":{"name":"(anonymous_3)","decl":{"start":{"line":34,"column":39},"end":{"line":34,"column":44}},"loc":{"start":{"line":34,"column":77},"end":{"line":43,"column":3}}},"4":{"name":"(anonymous_4)","decl":{"start":{"line":45,"column":29},"end":{"line":45,"column":34}},"loc":{"start":{"line":45,"column":67},"end":{"line":54,"column":3}}},"5":{"name":"oo_cm","decl":{"start":{"line":64,"column":77},"end":{"line":64,"column":82}},"loc":{"start":{"line":64,"column":82},"end":{"line":64,"column":39940}}}},"branchMap":{"0":{"loc":{"start":{"line":64,"column":96},"end":{"line":64,"column":39927}},"type":"binary-expr","locations":[{"start":{"line":64,"column":96},"end":{"line":64,"column":133}},{"start":{"line":64,"column":137},"end":{"line":64,"column":39927}}]}},"s":{"0":2,"1":2,"2":2,"3":2,"4":2,"5":2,"6":4,"7":4,"8":4,"9":2,"10":2,"11":2,"12":2,"13":4,"14":4,"15":4,"16":2,"17":2,"18":2,"19":2,"20":4,"21":4,"22":4,"23":2,"24":2,"25":2,"26":2,"27":6,"28":6,"29":2,"30":2,"31":2,"32":2,"33":2},"f":{"0":2,"1":2,"2":4,"3":4,"4":4,"5":6},"b":{"0":[6,2]}}
,"C:\\Users\\Usuario\\Documents\\programacion\\shipment-service\\src\\infrastructure\\messaging\\EventPublisher.ts": {"path":"C:\\Users\\Usuario\\Documents\\programacion\\shipment-service\\src\\infrastructure\\messaging\\EventPublisher.ts","statementMap":{"0":{"start":{"line":11,"column":4},"end":{"line":11,"column":39}},"1":{"start":{"line":20,"column":4},"end":{"line":20,"column":48}},"2":{"start":{"line":7,"column":0},"end":{"line":7,"column":13}}},"fnMap":{"0":{"name":"(anonymous_0)","decl":{"start":{"line":10,"column":2},"end":{"line":10,"column":14}},"loc":{"start":{"line":10,"column":42},"end":{"line":12,"column":3}}},"1":{"name":"(anonymous_1)","decl":{"start":{"line":19,"column":9},"end":{"line":19,"column":14}},"loc":{"start":{"line":19,"column":48},"end":{"line":21,"column":3}}}},"branchMap":{},"s":{"0":3,"1":1,"2":3},"f":{"0":3,"1":1},"b":{}}
,"C:\\Users\\Usuario\\Documents\\programacion\\shipment-service\\src\\infrastructure\\messaging\\KafkaConsumer.ts": {"path":"C:\\Users\\Usuario\\Documents\\programacion\\shipment-service\\src\\infrastructure\\messaging\\KafkaConsumer.ts","statementMap":{"0":{"start":{"line":1,"column":0},"end":{"line":1,"column":51}},"1":{"start":{"line":13,"column":4},"end":{"line":13,"column":61}},"2":{"start":{"line":14,"column":4},"end":{"line":26,"column":7}},"3":{"start":{"line":16,"column":22},"end":{"line":16,"column":67}},"4":{"start":{"line":17,"column":8},"end":{"line":24,"column":9}},"5":{"start":{"line":18,"column":25},"end":{"line":18,"column":42}},"6":{"start":{"line":19,"column":10},"end":{"line":19,"column":32}},"7":{"start":{"line":22,"column":10},"end":{"line":22,"column":60}},"8":{"start":{"line":23,"column":10},"end":{"line":23,"column":31}},"9":{"start":{"line":6,"column":0},"end":{"line":6,"column":13}}},"fnMap":{"0":{"name":"(anonymous_0)","decl":{"start":{"line":12,"column":9},"end":{"line":12,"column":14}},"loc":{"start":{"line":12,"column":80},"end":{"line":27,"column":3}}},"1":{"name":"(anonymous_1)","decl":{"start":{"line":15,"column":19},"end":{"line":15,"column":24}},"loc":{"start":{"line":15,"column":41},"end":{"line":25,"column":7}}}},"branchMap":{"0":{"loc":{"start":{"line":16,"column":22},"end":{"line":16,"column":67}},"type":"cond-expr","locations":[{"start":{"line":16,"column":38},"end":{"line":16,"column":62}},{"start":{"line":16,"column":65},"end":{"line":16,"column":67}}]}},"s":{"0":1,"1":2,"2":2,"3":2,"4":2,"5":2,"6":1,"7":1,"8":1,"9":1},"f":{"0":2,"1":2},"b":{"0":[2,0]}}
,"C:\\Users\\Usuario\\Documents\\programacion\\shipment-service\\src\\infrastructure\\messaging\\KafkaProducer.ts": {"path":"C:\\Users\\Usuario\\Documents\\programacion\\shipment-service\\src\\infrastructure\\messaging\\KafkaProducer.ts","statementMap":{"0":{"start":{"line":1,"column":0},"end":{"line":1,"column":51}},"1":{"start":{"line":15,"column":4},"end":{"line":26,"column":5}},"2":{"start":{"line":17,"column":22},"end":{"line":17,"column":85}},"3":{"start":{"line":18,"column":6},"end":{"line":21,"column":9}},"4":{"start":{"line":22,"column":6},"end":{"line":22,"column":66}},"5":{"start":{"line":24,"column":6},"end":{"line":24,"column":62}},"6":{"start":{"line":25,"column":6},"end":{"line":25,"column":18}},"7":{"start":{"line":7,"column":0},"end":{"line":7,"column":13}}},"fnMap":{"0":{"name":"(anonymous_0)","decl":{"start":{"line":14,"column":9},"end":{"line":14,"column":14}},"loc":{"start":{"line":14,"column":47},"end":{"line":27,"column":3}}}},"branchMap":{"0":{"loc":{"start":{"line":17,"column":22},"end":{"line":17,"column":85}},"type":"cond-expr","locations":[{"start":{"line":17,"column":52},"end":{"line":17,"column":59}},{"start":{"line":17,"column":62},"end":{"line":17,"column":85}}]}},"s":{"0":1,"1":3,"2":3,"3":3,"4":2,"5":1,"6":1,"7":1},"f":{"0":3},"b":{"0":[1,2]}}
,"C:\\Users\\Usuario\\Documents\\programacion\\shipment-service\\src\\infrastructure\\repository\\MySQLShipmentRepository.ts": {"path":"C:\\Users\\Usuario\\Documents\\programacion\\shipment-service\\src\\infrastructure\\repository\\MySQLShipmentRepository.ts","statementMap":{"0":{"start":{"line":1,"column":0},"end":{"line":1,"column":38}},"1":{"start":{"line":3,"column":0},"end":{"line":3,"column":56}},"2":{"start":{"line":4,"column":0},"end":{"line":4,"column":66}},"3":{"start":{"line":5,"column":0},"end":{"line":5,"column":34}},"4":{"start":{"line":18,"column":23},"end":{"line":18,"column":49}},"5":{"start":{"line":19,"column":4},"end":{"line":40,"column":5}},"6":{"start":{"line":20,"column":18},"end":{"line":25,"column":8}},"7":{"start":{"line":26,"column":6},"end":{"line":37,"column":9}},"8":{"start":{"line":39,"column":6},"end":{"line":39,"column":27}},"9":{"start":{"line":50,"column":23},"end":{"line":50,"column":49}},"10":{"start":{"line":51,"column":4},"end":{"line":79,"column":5}},"11":{"start":{"line":52,"column":18},"end":{"line":56,"column":8}},"12":{"start":{"line":57,"column":26},"end":{"line":57,"column":69}},"13":{"start":{"line":58,"column":6},"end":{"line":75,"column":7}},"14":{"start":{"line":59,"column":20},"end":{"line":59,"column":27}},"15":{"start":{"line":60,"column":27},"end":{"line":63,"column":null}},"16":{"start":{"line":65,"column":8},"end":{"line":74,"column":10}},"17":{"start":{"line":76,"column":6},"end":{"line":76,"column":18}},"18":{"start":{"line":78,"column":6},"end":{"line":78,"column":27}},"19":{"start":{"line":88,"column":23},"end":{"line":88,"column":49}},"20":{"start":{"line":89,"column":4},"end":{"line":110,"column":5}},"21":{"start":{"line":90,"column":18},"end":{"line":95,"column":8}},"22":{"start":{"line":96,"column":6},"end":{"line":107,"column":9}},"23":{"start":{"line":109,"column":6},"end":{"line":109,"column":27}},"24":{"start":{"line":11,"column":0},"end":{"line":11,"column":13}}},"fnMap":{"0":{"name":"(anonymous_1)","decl":{"start":{"line":17,"column":9},"end":{"line":17,"column":14}},"loc":{"start":{"line":17,"column":38},"end":{"line":41,"column":3}}},"1":{"name":"(anonymous_2)","decl":{"start":{"line":49,"column":9},"end":{"line":49,"column":14}},"loc":{"start":{"line":49,"column":42},"end":{"line":80,"column":3}}},"2":{"name":"(anonymous_3)","decl":{"start":{"line":87,"column":9},"end":{"line":87,"column":14}},"loc":{"start":{"line":87,"column":40},"end":{"line":111,"column":3}}}},"branchMap":{"0":{"loc":{"start":{"line":58,"column":6},"end":{"line":75,"column":7}},"type":"if","locations":[{"start":{"line":58,"column":6},"end":{"line":75,"column":7}}]},"1":{"loc":{"start":{"line":58,"column":10},"end":{"line":58,"column":48}},"type":"binary-expr","locations":[{"start":{"line":58,"column":10},"end":{"line":58,"column":29}},{"start":{"line":58,"column":33},"end":{"line":58,"column":48}}]}},"s":{"0":1,"1":1,"2":1,"3":1,"4":1,"5":1,"6":1,"7":1,"8":1,"9":2,"10":2,"11":2,"12":2,"13":2,"14":1,"15":1,"16":1,"17":1,"18":2,"19":1,"20":1,"21":1,"22":1,"23":1,"24":1},"f":{"0":1,"1":2,"2":1},"b":{"0":[1],"1":[2,2]}}
}
