TN:
SF:src\domain\entity\Shipment.ts
FN:9,(anonymous_0)
FN:12,(anonymous_1)
FN:37,(anonymous_2)
FN:80,(anonymous_3)
FNF:4
FNH:1
FNDA:0,(anonymous_0)
FNDA:0,(anonymous_1)
FNDA:10,(anonymous_2)
FNDA:0,(anonymous_3)
DA:2,1
DA:8,1
DA:10,0
DA:13,0
DA:47,10
DA:48,0
DA:50,10
DA:51,0
DA:53,10
DA:54,0
DA:56,10
DA:57,0
DA:59,10
DA:60,0
DA:62,10
DA:63,0
DA:65,10
DA:66,0
DA:69,10
DA:70,10
DA:71,10
DA:72,10
DA:73,10
DA:74,10
DA:75,10
DA:76,10
DA:81,0
LF:27
LH:17
BRDA:47,0,0,0
BRDA:50,1,0,0
BRDA:53,2,0,0
BRDA:56,3,0,0
BRDA:59,4,0,0
BRDA:62,5,0,0
BRDA:65,6,0,0
BRF:7
BRH:0
end_of_record
TN:
SF:src\domain\exceptions\DomainError.ts
FN:5,(anonymous_0)
FNF:1
FNH:1
FNDA:9,(anonymous_0)
DA:4,1
DA:6,9
DA:7,9
DA:8,9
LF:4
LH:4
BRF:0
BRH:0
end_of_record
TN:
SF:src\domain\services\ShipmentServiceDomain.ts
FN:22,(anonymous_0)
FN:74,(anonymous_1)
FNF:2
FNH:2
FNDA:6,(anonymous_0)
FNDA:5,(anonymous_1)
DA:1,1
DA:2,1
DA:3,1
DA:9,1
DA:33,6
DA:34,1
DA:37,5
DA:38,0
DA:41,5
DA:42,1
DA:45,4
DA:46,0
DA:49,4
DA:50,0
DA:53,4
DA:79,5
DA:80,1
DA:83,4
DA:84,2
DA:87,2
LF:20
LH:17
BRDA:33,0,0,1
BRDA:33,1,0,6
BRDA:33,1,1,5
BRDA:33,1,2,5
BRDA:33,1,3,5
BRDA:37,2,0,0
BRDA:37,3,0,5
BRDA:37,3,1,5
BRDA:41,4,0,1
BRDA:45,5,0,0
BRDA:49,6,0,0
BRDA:49,7,0,4
BRDA:49,7,1,4
BRDA:79,8,0,1
BRDA:83,9,0,2
BRF:15
BRH:12
end_of_record
TN:
SF:src\domain\valueObjects\Dimensions.ts
FN:7,(anonymous_0)
FN:21,(anonymous_1)
FN:36,(anonymous_2)
FN:44,(anonymous_3)
FNF:4
FNH:2
FNDA:2,(anonymous_0)
FNDA:16,(anonymous_1)
FNDA:0,(anonymous_2)
FNDA:0,(anonymous_3)
DA:1,1
DA:6,1
DA:8,2
DA:22,16
DA:23,4
DA:26,12
DA:27,12
DA:28,12
DA:37,0
DA:45,0
LF:10
LH:8
BRDA:22,0,0,4
BRDA:22,1,0,16
BRDA:22,1,1,14
BRDA:22,1,2,13
BRDA:38,2,0,0
BRDA:38,2,1,0
BRDA:38,2,2,0
BRF:7
BRH:4
end_of_record
