TN:
SF:src\application\dto\ShipmentDto.ts
FN:16,(anonymous_0)
FNF:1
FNH:1
FNDA:6,(anonymous_0)
DA:6,4
DA:26,6
DA:27,6
DA:28,6
DA:29,6
DA:30,6
DA:31,6
DA:32,6
DA:33,6
LF:9
LH:9
BRF:0
BRH:0
end_of_record
TN:
SF:src\application\dto\UpdateShipmentDto.ts
FN:9,(anonymous_0)
FNF:1
FNH:1
FNDA:2,(anonymous_0)
DA:5,1
DA:10,2
DA:11,2
DA:13,2
DA:14,2
LF:5
LH:5
BRDA:10,0,0,0
BRDA:11,1,0,0
BRF:2
BRH:0
end_of_record
TN:
SF:src\application\mappers\ShipmentMapper.ts
FN:8,(anonymous_0)
FNF:1
FNH:1
FNDA:5,(anonymous_0)
DA:2,4
DA:7,4
DA:10,5
DA:11,0
DA:14,5
LF:5
LH:4
BRDA:10,0,0,0
BRF:1
BRH:0
end_of_record
TN:
SF:src\application\services\CreateShipmentService.ts
FN:18,(anonymous_0)
FN:33,(anonymous_1)
FNF:2
FNH:2
FNDA:2,(anonymous_0)
FNDA:2,(anonymous_1)
DA:6,1
DA:7,1
DA:13,1
DA:23,2
DA:24,2
DA:25,2
DA:35,2
DA:36,1
DA:39,1
DA:46,1
DA:58,1
DA:61,1
DA:64,1
DA:68,1
DA:70,1
LF:15
LH:15
BRDA:35,0,0,1
BRF:1
BRH:1
end_of_record
TN:
SF:src\application\services\QueryShipmentService.ts
FN:14,(anonymous_0)
FN:18,(anonymous_1)
FNF:2
FNH:2
FNDA:2,(anonymous_0)
FNDA:2,(anonymous_1)
DA:6,1
DA:11,1
DA:15,2
DA:19,2
DA:20,2
DA:21,1
DA:23,1
LF:7
LH:7
BRDA:20,0,0,1
BRF:1
BRH:1
end_of_record
TN:
SF:src\application\services\UpdateShipmentService.ts
FN:17,(anonymous_0)
FN:32,(anonymous_1)
FNF:2
FNH:2
FNDA:2,(anonymous_0)
FNDA:2,(anonymous_1)
DA:6,1
DA:12,1
DA:22,2
DA:23,2
DA:24,2
DA:34,2
DA:35,2
DA:36,1
DA:40,1
DA:46,1
DA:49,1
DA:52,1
DA:56,1
DA:58,1
LF:14
LH:14
BRDA:35,0,0,1
BRF:1
BRH:1
end_of_record
TN:
SF:src\domain\entity\Shipment.ts
FN:9,(anonymous_0)
FN:12,(anonymous_1)
FN:37,(anonymous_2)
FN:80,(anonymous_3)
FNF:4
FNH:1
FNDA:0,(anonymous_0)
FNDA:0,(anonymous_1)
FNDA:11,(anonymous_2)
FNDA:0,(anonymous_3)
DA:2,4
DA:8,4
DA:10,0
DA:13,0
DA:47,11
DA:48,0
DA:50,11
DA:51,0
DA:53,11
DA:54,0
DA:56,11
DA:57,0
DA:59,11
DA:60,0
DA:62,11
DA:63,0
DA:65,11
DA:66,0
DA:69,11
DA:70,11
DA:71,11
DA:72,11
DA:73,11
DA:74,11
DA:75,11
DA:76,11
DA:81,0
LF:27
LH:17
BRDA:47,0,0,0
BRDA:50,1,0,0
BRDA:53,2,0,0
BRDA:56,3,0,0
BRDA:59,4,0,0
BRDA:62,5,0,0
BRDA:65,6,0,0
BRF:7
BRH:0
end_of_record
TN:
SF:src\domain\exceptions\DomainError.ts
FN:5,(anonymous_0)
FNF:1
FNH:1
FNDA:10,(anonymous_0)
DA:4,7
DA:6,10
DA:7,10
DA:8,10
LF:4
LH:4
BRF:0
BRH:0
end_of_record
TN:
SF:src\domain\services\ShipmentServiceDomain.ts
FN:22,(anonymous_0)
FN:74,(anonymous_1)
FNF:2
FNH:2
FNDA:6,(anonymous_0)
FNDA:5,(anonymous_1)
DA:1,3
DA:2,3
DA:3,3
DA:9,3
DA:33,6
DA:34,1
DA:37,5
DA:38,0
DA:41,5
DA:42,1
DA:45,4
DA:46,0
DA:49,4
DA:50,0
DA:53,4
DA:79,5
DA:80,1
DA:83,4
DA:84,2
DA:87,2
LF:20
LH:17
BRDA:33,0,0,1
BRDA:33,1,0,6
BRDA:33,1,1,5
BRDA:33,1,2,5
BRDA:33,1,3,5
BRDA:37,2,0,0
BRDA:37,3,0,5
BRDA:37,3,1,5
BRDA:41,4,0,1
BRDA:45,5,0,0
BRDA:49,6,0,0
BRDA:49,7,0,4
BRDA:49,7,1,4
BRDA:79,8,0,1
BRDA:83,9,0,2
BRF:15
BRH:12
end_of_record
TN:
SF:src\domain\valueObjects\Dimensions.ts
FN:19,(anonymous_0)
FN:34,(anonymous_1)
FN:42,(anonymous_2)
FN:46,(anonymous_3)
FNF:4
FNH:2
FNDA:22,(anonymous_0)
FNDA:0,(anonymous_1)
FNDA:0,(anonymous_2)
FNDA:2,(anonymous_3)
DA:1,7
DA:6,7
DA:20,22
DA:21,5
DA:24,17
DA:25,17
DA:26,17
DA:35,0
DA:43,0
DA:47,2
LF:10
LH:8
BRDA:20,0,0,5
BRDA:20,1,0,22
BRDA:20,1,1,19
BRDA:20,1,2,18
BRDA:36,2,0,0
BRDA:36,2,1,0
BRDA:36,2,2,0
BRF:7
BRH:4
end_of_record
